<?xml version="1.0" encoding="UTF-8"?>
<!-- Generated by org.testng.reporters.JUnitReportReporter -->
<testsuite skipped="0" hostname="MT-PF185WZ2" name="Academey.demo.validateTitle" tests="1" failures="0" timestamp="2021-09-01T22:41:46 IST" time="3.606" errors="0">
  <testcase name="basePageNavigation" time="3.606" classname="Academey.demo.validateTitle"/>
  <system-out/>
</testsuite> <!-- Academey.demo.validateTitle -->
