<?xml version="1.0" encoding="UTF-8"?>
<!-- Generated by org.testng.reporters.JUnitReportReporter -->
<testsuite skipped="0" hostname="MT-PF185WZ2" name="Academey.demo.HomePage" tests="2" failures="0" timestamp="2021-09-02T11:55:04 IST" time="6.737" errors="0">
  <testcase name="basePageNavigation" time="3.155" classname="Academey.demo.HomePage"/>
  <system-out/>
  <testcase name="basePageNavigation" time="3.582" classname="Academey.demo.HomePage"/>
  <system-out/>
</testsuite> <!-- Academey.demo.HomePage -->
